<?xml version="1.0" encoding="UTF-8"?>
<!-- Generated by org.testng.reporters.JUnitReportReporter -->
<testsuite hostname="DESKTOP-K6SQ6P2" failures="0" tests="1" name="cucumber.TestNGTestRunner" time="19.038" errors="0" timestamp="2024-12-29T15:29:13 GMT" skipped="0">
  <testcase classname="cucumber.TestNGTestRunner" name="runScenario" time="19.038"/>
</testsuite> <!-- cucumber.TestNGTestRunner -->
